android/btimlibs/build/intermediates/manifest_merge_blame_file/debug/manifest-merger-blame-debug-report.txt
1<?xml version="1.0" encoding="utf-8"?>
2<manifest xmlns:android="http://schemas.android.com/apk/res/android"
3    package="com.bt.im.libs" >
4
5    <uses-sdk android:minSdkVersion="29" />
6
7    <uses-permission android:name="android.permission.ACCESS_NETWORK_STATE" />
7-->src/main/AndroidManifest.xml:4:5-79
7-->src/main/AndroidManifest.xml:4:22-76
8    <uses-permission android:name="android.permission.READ_PHONE_STATE" />
8-->src/main/AndroidManifest.xml:5:5-75
8-->src/main/AndroidManifest.xml:5:22-72
9
10    <application>
10-->src/main/AndroidManifest.xml:6:5-7:19
11    </application>
12
13</manifest>